Extracted policy size: 68
P(goal reached): 0.8811
Policy simulation successful resolves: 117715
Policy simulation unsuccessful resolves: 20
Policy success: 1
Successful simulator resolves: 2.67285e+06
Unsuccessful simulator resolves: 1690
failed_samples: 0
planning_time: 243.543
solutions: 7
successful_samples: 269
total_samples: 269
total_states: 376
Extracted policy size: 0
P(goal reached): 0
Policy simulation successful resolves: 0
Policy simulation unsuccessful resolves: 0
Policy success: 0
Successful simulator resolves: 1.10654e+06
Unsuccessful simulator resolves: 3740
failed_samples: 0
planning_time: 254.209
solutions: 0
successful_samples: 38
total_samples: 38
total_states: 172
Extracted policy size: 53
P(goal reached): 0.9306
Policy simulation successful resolves: 137463
Policy simulation unsuccessful resolves: 32
Policy success: 1
Successful simulator resolves: 3.36946e+06
Unsuccessful simulator resolves: 266
failed_samples: 0
planning_time: 240.021
solutions: 9
successful_samples: 432
total_samples: 432
total_states: 507
Extracted policy size: 80
P(goal reached): 0.9
Policy simulation successful resolves: 116181
Policy simulation unsuccessful resolves: 131
Policy success: 1
Successful simulator resolves: 2.92838e+06
Unsuccessful simulator resolves: 1206
failed_samples: 0
planning_time: 242.119
solutions: 6
successful_samples: 399
total_samples: 399
total_states: 471
Extracted policy size: 52
P(goal reached): 0.87
Policy simulation successful resolves: 142366
Policy simulation unsuccessful resolves: 30499
Policy success: 0.99
Successful simulator resolves: 3.84757e+06
Unsuccessful simulator resolves: 149
failed_samples: 0
planning_time: 240.556
solutions: 4
successful_samples: 442
total_samples: 442
total_states: 570
