Extracted policy size: 105
P(goal reached): 0.9216
Policy simulation successful resolves: 171805
Policy simulation unsuccessful resolves: 30740
Policy success: 0.99
Successful simulator resolves: 1.04712e+07
Unsuccessful simulator resolves: 439
failed_samples: 0
planning_time: 240.051
solutions: 4
successful_samples: 5880
total_samples: 5880
total_states: 6019
Extracted policy size: 456
P(goal reached): 1
Policy simulation successful resolves: 3.27421e+06
Policy simulation unsuccessful resolves: 0
Policy success: 0
Successful simulator resolves: 1.0974e+07
Unsuccessful simulator resolves: 552
failed_samples: 0
planning_time: 240.059
solutions: 18
successful_samples: 6320
total_samples: 6320
total_states: 6549
Extracted policy size: 26
P(goal reached): 0.84
Policy simulation successful resolves: 123809
Policy simulation unsuccessful resolves: 21
Policy success: 1
Successful simulator resolves: 1.03622e+07
Unsuccessful simulator resolves: 5
failed_samples: 0
planning_time: 240.086
solutions: 1
successful_samples: 5948
total_samples: 5948
total_states: 6027
Extracted policy size: 82
P(goal reached): 0.92
Policy simulation successful resolves: 162920
Policy simulation unsuccessful resolves: 30486
Policy success: 0.99
Successful simulator resolves: 1.07009e+07
Unsuccessful simulator resolves: 48
failed_samples: 0
planning_time: 240.055
solutions: 3
successful_samples: 6047
total_samples: 6047
total_states: 6232
Extracted policy size: 44
P(goal reached): 0.92
Policy simulation successful resolves: 410282
Policy simulation unsuccessful resolves: 217374
Policy success: 0.93
Successful simulator resolves: 1.06957e+07
Unsuccessful simulator resolves: 5
failed_samples: 0
planning_time: 240.028
solutions: 2
successful_samples: 5862
total_samples: 5862
total_states: 6210
