Extracted policy size: 110
P(goal reached): 0.983607
Policy simulation successful resolves: 4.38112e+06
Policy simulation unsuccessful resolves: 982
Policy success: 0
Successful simulator resolves: 3.57005e+06
Unsuccessful simulator resolves: 585
failed_samples: 0
planning_time: 240.474
solutions: 7
successful_samples: 772
total_samples: 772
total_states: 1055
Extracted policy size: 158
P(goal reached): 0.9
Policy simulation successful resolves: 162447
Policy simulation unsuccessful resolves: 30599
Policy success: 0.99
Successful simulator resolves: 4.12074e+06
Unsuccessful simulator resolves: 109
failed_samples: 0
planning_time: 240.01
solutions: 8
successful_samples: 1211
total_samples: 1211
total_states: 1247
Extracted policy size: 115
P(goal reached): 0.926983
Policy simulation successful resolves: 98380
Policy simulation unsuccessful resolves: 33
Policy success: 1
Successful simulator resolves: 3.68291e+06
Unsuccessful simulator resolves: 308
failed_samples: 0
planning_time: 240.662
solutions: 10
successful_samples: 984
total_samples: 984
total_states: 1137
Extracted policy size: 40
P(goal reached): 0.88
Policy simulation successful resolves: 97667
Policy simulation unsuccessful resolves: 116
Policy success: 1
Successful simulator resolves: 3.72278e+06
Unsuccessful simulator resolves: 173
failed_samples: 0
planning_time: 240.38
solutions: 2
successful_samples: 932
total_samples: 932
total_states: 1095
Extracted policy size: 109
P(goal reached): 0.98
Policy simulation successful resolves: 284892
Policy simulation unsuccessful resolves: 396
Policy success: 1
Successful simulator resolves: 3.69147e+06
Unsuccessful simulator resolves: 527
failed_samples: 0
planning_time: 240.007
solutions: 9
successful_samples: 868
total_samples: 868
total_states: 1112
