Extracted policy size: 40
P(goal reached): 0.93
Policy simulation successful resolves: 169209
Policy simulation unsuccessful resolves: 132
Policy success: 1
Successful simulator resolves: 1.18701e+07
Unsuccessful simulator resolves: 1149
failed_samples: 0
planning_time: 240.12
solutions: 2
successful_samples: 1439
total_samples: 1439
total_states: 1686
Extracted policy size: 37
P(goal reached): 0.868962
Policy simulation successful resolves: 170463
Policy simulation unsuccessful resolves: 19
Policy success: 1
Successful simulator resolves: 1.27902e+07
Unsuccessful simulator resolves: 55
failed_samples: 0
planning_time: 240.183
solutions: 2
successful_samples: 1372
total_samples: 1372
total_states: 1781
Extracted policy size: 141
P(goal reached): 0.92
Policy simulation successful resolves: 728662
Policy simulation unsuccessful resolves: 29495
Policy success: 0.99
Successful simulator resolves: 1.08488e+07
Unsuccessful simulator resolves: 2086
failed_samples: 0
planning_time: 240.088
solutions: 14
successful_samples: 1454
total_samples: 1454
total_states: 1632
Extracted policy size: 60
P(goal reached): 0.79
Policy simulation successful resolves: 129178
Policy simulation unsuccessful resolves: 40
Policy success: 1
Successful simulator resolves: 1.28852e+07
Unsuccessful simulator resolves: 48
failed_samples: 0
planning_time: 240.106
solutions: 2
successful_samples: 1428
total_samples: 1428
total_states: 1804
Extracted policy size: 54
P(goal reached): 0.87
Policy simulation successful resolves: 253867
Policy simulation unsuccessful resolves: 93093
Policy success: 0.97
Successful simulator resolves: 1.29096e+07
Unsuccessful simulator resolves: 376
failed_samples: 0
planning_time: 240.157
solutions: 4
successful_samples: 1478
total_samples: 1478
total_states: 1852
