Extracted policy size: 182
P(goal reached): 0.922699
Policy simulation successful resolves: 152222
Policy simulation unsuccessful resolves: 374
Policy success: 1
Successful simulator resolves: 1.22687e+07
Unsuccessful simulator resolves: 1088
failed_samples: 0
planning_time: 240.04
solutions: 11
successful_samples: 1597
total_samples: 1597
total_states: 1756
Extracted policy size: 348
P(goal reached): 0.947111
Policy simulation successful resolves: 94479
Policy simulation unsuccessful resolves: 11
Policy success: 1
Successful simulator resolves: 1.17068e+07
Unsuccessful simulator resolves: 801
failed_samples: 0
planning_time: 240.055
solutions: 19
successful_samples: 1520
total_samples: 1520
total_states: 1650
Extracted policy size: 191
P(goal reached): 0.93
Policy simulation successful resolves: 329892
Policy simulation unsuccessful resolves: 154528
Policy success: 0.95
Successful simulator resolves: 1.24505e+07
Unsuccessful simulator resolves: 347
failed_samples: 0
planning_time: 240.298
solutions: 7
successful_samples: 1558
total_samples: 1558
total_states: 1851
Extracted policy size: 342
P(goal reached): 0.931
Policy simulation successful resolves: 361677
Policy simulation unsuccessful resolves: 185149
Policy success: 0.94
Successful simulator resolves: 1.31269e+07
Unsuccessful simulator resolves: 426
failed_samples: 0
planning_time: 240.004
solutions: 11
successful_samples: 1778
total_samples: 1778
total_states: 1961
Extracted policy size: 182
P(goal reached): 0.9009
Policy simulation successful resolves: 111400
Policy simulation unsuccessful resolves: 35
Policy success: 1
Successful simulator resolves: 1.208e+07
Unsuccessful simulator resolves: 413
failed_samples: 0
planning_time: 240.273
solutions: 7
successful_samples: 1451
total_samples: 1451
total_states: 1756
