Extracted policy size: 234
P(goal reached): 0.92
Policy simulation successful resolves: 140046
Policy simulation unsuccessful resolves: 42
Policy success: 1
Successful simulator resolves: 3.94712e+06
Unsuccessful simulator resolves: 205
failed_samples: 0
planning_time: 240.285
solutions: 4
successful_samples: 2168
total_samples: 2168
total_states: 2303
Extracted policy size: 50
P(goal reached): 0.5376
Policy simulation successful resolves: 169087
Policy simulation unsuccessful resolves: 39
Policy success: 1
Successful simulator resolves: 3.60847e+06
Unsuccessful simulator resolves: 5
failed_samples: 0
planning_time: 240.128
solutions: 1
successful_samples: 1811
total_samples: 1811
total_states: 2080
Extracted policy size: 81
P(goal reached): 0.84
Policy simulation successful resolves: 150059
Policy simulation unsuccessful resolves: 30821
Policy success: 0.99
Successful simulator resolves: 3.55754e+06
Unsuccessful simulator resolves: 81
failed_samples: 0
planning_time: 240.009
solutions: 2
successful_samples: 1796
total_samples: 1796
total_states: 2039
Extracted policy size: 78
P(goal reached): 0.92
Policy simulation successful resolves: 431030
Policy simulation unsuccessful resolves: 29258
Policy success: 0.99
Successful simulator resolves: 3.47204e+06
Unsuccessful simulator resolves: 305
failed_samples: 0
planning_time: 240.154
solutions: 2
successful_samples: 1901
total_samples: 1901
total_states: 2045
Extracted policy size: 65
P(goal reached): 0.88
Policy simulation successful resolves: 12222
Policy simulation unsuccessful resolves: 7
Policy success: 1
Successful simulator resolves: 3.63809e+06
Unsuccessful simulator resolves: 66
failed_samples: 0
planning_time: 240.205
solutions: 2
successful_samples: 1850
total_samples: 1850
total_states: 2091
