Extracted policy size: 101
P(goal reached): 0.838173
Policy simulation successful resolves: 278511
Policy simulation unsuccessful resolves: 91430
Policy success: 0.97
Successful simulator resolves: 3.04461e+06
Unsuccessful simulator resolves: 608
failed_samples: 0
planning_time: 240.116
solutions: 11
successful_samples: 299
total_samples: 299
total_states: 427
Extracted policy size: 57
P(goal reached): 0.93
Policy simulation successful resolves: 147960
Policy simulation unsuccessful resolves: 35
Policy success: 1
Successful simulator resolves: 3.28792e+06
Unsuccessful simulator resolves: 214
failed_samples: 0
planning_time: 244.099
solutions: 2
successful_samples: 266
total_samples: 266
total_states: 472
Extracted policy size: 106
P(goal reached): 0.88
Policy simulation successful resolves: 193120
Policy simulation unsuccessful resolves: 61292
Policy success: 0.98
Successful simulator resolves: 3.11902e+06
Unsuccessful simulator resolves: 688
failed_samples: 0
planning_time: 240.033
solutions: 6
successful_samples: 370
total_samples: 370
total_states: 459
Extracted policy size: 73
P(goal reached): 0.91
Policy simulation successful resolves: 193847
Policy simulation unsuccessful resolves: 42
Policy success: 1
Successful simulator resolves: 3.78465e+06
Unsuccessful simulator resolves: 332
failed_samples: 0
planning_time: 240.028
solutions: 4
successful_samples: 354
total_samples: 354
total_states: 568
Extracted policy size: 56
P(goal reached): 0.8712
Policy simulation successful resolves: 314424
Policy simulation unsuccessful resolves: 154217
Policy success: 0.95
Successful simulator resolves: 3.87416e+06
Unsuccessful simulator resolves: 296
failed_samples: 0
planning_time: 240.204
solutions: 3
successful_samples: 216
total_samples: 216
total_states: 568
