Extracted policy size: 27
P(goal reached): 0.8428
Policy simulation successful resolves: 123954
Policy simulation unsuccessful resolves: 42
Policy success: 1
Successful simulator resolves: 4.01704e+06
Unsuccessful simulator resolves: 23
failed_samples: 0
planning_time: 240.667
solutions: 1
successful_samples: 951
total_samples: 951
total_states: 1177
Extracted policy size: 100
P(goal reached): 0.92
Policy simulation successful resolves: 100192
Policy simulation unsuccessful resolves: 12
Policy success: 1
Successful simulator resolves: 3.75016e+06
Unsuccessful simulator resolves: 139
failed_samples: 0
planning_time: 240.109
solutions: 5
successful_samples: 1029
total_samples: 1029
total_states: 1140
Extracted policy size: 33
P(goal reached): 0.88
Policy simulation successful resolves: 137310
Policy simulation unsuccessful resolves: 54
Policy success: 1
Successful simulator resolves: 3.6344e+06
Unsuccessful simulator resolves: 22
failed_samples: 0
planning_time: 240.246
solutions: 2
successful_samples: 967
total_samples: 967
total_states: 1059
Extracted policy size: 32
P(goal reached): 0.56
Policy simulation successful resolves: 154388
Policy simulation unsuccessful resolves: 29
Policy success: 1
Successful simulator resolves: 3.73135e+06
Unsuccessful simulator resolves: 27
failed_samples: 0
planning_time: 240.173
solutions: 1
successful_samples: 928
total_samples: 928
total_states: 1039
Extracted policy size: 41
P(goal reached): 0.56
Policy simulation successful resolves: 203458
Policy simulation unsuccessful resolves: 33
Policy success: 1
Successful simulator resolves: 4.2744e+06
Unsuccessful simulator resolves: 25
failed_samples: 0
planning_time: 240.022
solutions: 1
successful_samples: 974
total_samples: 974
total_states: 1285
