Extracted policy size: 314
P(goal reached): 0.94
Policy simulation successful resolves: 407849
Policy simulation unsuccessful resolves: 216974
Policy success: 0.93
Successful simulator resolves: 1.25883e+07
Unsuccessful simulator resolves: 616
failed_samples: 0
planning_time: 240.293
solutions: 8
successful_samples: 1552
total_samples: 1552
total_states: 1835
Extracted policy size: 126
P(goal reached): 0.852687
Policy simulation successful resolves: 269561
Policy simulation unsuccessful resolves: 123067
Policy success: 0.96
Successful simulator resolves: 1.22802e+07
Unsuccessful simulator resolves: 504
failed_samples: 0
planning_time: 240.052
solutions: 2
successful_samples: 1073
total_samples: 1073
total_states: 1770
Extracted policy size: 148
P(goal reached): 0.923046
Policy simulation successful resolves: 107075
Policy simulation unsuccessful resolves: 123
Policy success: 1
Successful simulator resolves: 1.20988e+07
Unsuccessful simulator resolves: 637
failed_samples: 0
planning_time: 240.171
solutions: 5
successful_samples: 1468
total_samples: 1468
total_states: 1715
Extracted policy size: 37
P(goal reached): 0.954609
Policy simulation successful resolves: 132559
Policy simulation unsuccessful resolves: 31193
Policy success: 0.99
Successful simulator resolves: 1.30811e+07
Unsuccessful simulator resolves: 166
failed_samples: 0
planning_time: 240.153
solutions: 2
successful_samples: 1586
total_samples: 1586
total_states: 1883
Extracted policy size: 45
P(goal reached): 0.9
Policy simulation successful resolves: 127883
Policy simulation unsuccessful resolves: 27
Policy success: 1
Successful simulator resolves: 1.31925e+07
Unsuccessful simulator resolves: 70
failed_samples: 0
planning_time: 240.348
solutions: 2
successful_samples: 1685
total_samples: 1685
total_states: 1847
