Extracted policy size: 500
P(goal reached): 1
Policy simulation successful resolves: 3.28629e+06
Policy simulation unsuccessful resolves: 0
Policy success: 0
Successful simulator resolves: 4.06861e+06
Unsuccessful simulator resolves: 173
failed_samples: 0
planning_time: 240.015
solutions: 10
successful_samples: 2406
total_samples: 2406
total_states: 2482
Extracted policy size: 51
P(goal reached): 0.84
Policy simulation successful resolves: 116897
Policy simulation unsuccessful resolves: 18
Policy success: 1
Successful simulator resolves: 3.68044e+06
Unsuccessful simulator resolves: 33
failed_samples: 0
planning_time: 240.164
solutions: 2
successful_samples: 1832
total_samples: 1832
total_states: 2085
Extracted policy size: 129
P(goal reached): 1
Policy simulation successful resolves: 3.28183e+06
Policy simulation unsuccessful resolves: 0
Policy success: 0
Successful simulator resolves: 3.83913e+06
Unsuccessful simulator resolves: 168
failed_samples: 0
planning_time: 240.326
solutions: 4
successful_samples: 2000
total_samples: 2000
total_states: 2254
Extracted policy size: 96
P(goal reached): 0.92
Policy simulation successful resolves: 143687
Policy simulation unsuccessful resolves: 37
Policy success: 1
Successful simulator resolves: 3.62574e+06
Unsuccessful simulator resolves: 32
failed_samples: 0
planning_time: 240.059
solutions: 3
successful_samples: 1798
total_samples: 1798
total_states: 2071
Extracted policy size: 0
P(goal reached): 0
Policy simulation successful resolves: 0
Policy simulation unsuccessful resolves: 0
Policy success: 0
Successful simulator resolves: 2.47951e+06
Unsuccessful simulator resolves: 30
failed_samples: 0
planning_time: 240.237
solutions: 0
successful_samples: 350
total_samples: 350
total_states: 1268
