Extracted policy size: 76
P(goal reached): 0.92
Policy simulation successful resolves: 112418
Policy simulation unsuccessful resolves: 19
Policy success: 1
Successful simulator resolves: 1.12431e+07
Unsuccessful simulator resolves: 120
failed_samples: 0
planning_time: 240.003
solutions: 3
successful_samples: 1095
total_samples: 1095
total_states: 3151
Extracted policy size: 50
P(goal reached): 0.838518
Policy simulation successful resolves: 314758
Policy simulation unsuccessful resolves: 155010
Policy success: 0.95
Successful simulator resolves: 1.13944e+07
Unsuccessful simulator resolves: 519
failed_samples: 0
planning_time: 240.022
solutions: 3
successful_samples: 3075
total_samples: 3075
total_states: 3299
Extracted policy size: 40
P(goal reached): 0.94
Policy simulation successful resolves: 135805
Policy simulation unsuccessful resolves: 30
Policy success: 1
Successful simulator resolves: 1.16047e+07
Unsuccessful simulator resolves: 66
failed_samples: 0
planning_time: 240.004
solutions: 4
successful_samples: 2958
total_samples: 2958
total_states: 3345
Extracted policy size: 32
P(goal reached): 0.78
Policy simulation successful resolves: 138078
Policy simulation unsuccessful resolves: 61
Policy success: 1
Successful simulator resolves: 1.14272e+07
Unsuccessful simulator resolves: 62
failed_samples: 0
planning_time: 240.012
solutions: 2
successful_samples: 2837
total_samples: 2837
total_states: 3208
Extracted policy size: 31
P(goal reached): 0.9
Policy simulation successful resolves: 123138
Policy simulation unsuccessful resolves: 32
Policy success: 1
Successful simulator resolves: 1.24418e+07
Unsuccessful simulator resolves: 41
failed_samples: 0
planning_time: 240.045
solutions: 3
successful_samples: 3251
total_samples: 3251
total_states: 3587
