Extracted policy size: 29
P(goal reached): 0.88
Policy simulation successful resolves: 360962
Policy simulation unsuccessful resolves: 186246
Policy success: 0.94
Successful simulator resolves: 1.0585e+07
Unsuccessful simulator resolves: 1
failed_samples: 0
planning_time: 240.009
solutions: 1
successful_samples: 5979
total_samples: 5979
total_states: 6133
Extracted policy size: 55
P(goal reached): 0.84
Policy simulation successful resolves: 140671
Policy simulation unsuccessful resolves: 42
Policy success: 1
Successful simulator resolves: 1.05588e+07
Unsuccessful simulator resolves: 17
failed_samples: 0
planning_time: 240.009
solutions: 2
successful_samples: 5510
total_samples: 5510
total_states: 6043
Extracted policy size: 1592
P(goal reached): 1
Policy simulation successful resolves: 3.28434e+06
Policy simulation unsuccessful resolves: 0
Policy success: 0
Successful simulator resolves: 1.11508e+07
Unsuccessful simulator resolves: 731
failed_samples: 0
planning_time: 240.055
solutions: 29
successful_samples: 6471
total_samples: 6471
total_states: 6696
Extracted policy size: 126
P(goal reached): 0.84
Policy simulation successful resolves: 160101
Policy simulation unsuccessful resolves: 30738
Policy success: 0.99
Successful simulator resolves: 1.0816e+07
Unsuccessful simulator resolves: 34
failed_samples: 0
planning_time: 240.043
solutions: 3
successful_samples: 5790
total_samples: 5790
total_states: 6289
Extracted policy size: 83
P(goal reached): 1
Policy simulation successful resolves: 3.27536e+06
Policy simulation unsuccessful resolves: 0
Policy success: 0
Successful simulator resolves: 9.93476e+06
Unsuccessful simulator resolves: 39
failed_samples: 0
planning_time: 240.151
solutions: 2
successful_samples: 5541
total_samples: 5541
total_states: 5799
