Extracted policy size: 171
P(goal reached): 0.8
Policy simulation successful resolves: 145300
Policy simulation unsuccessful resolves: 30931
Policy success: 0.99
Successful simulator resolves: 3.80984e+06
Unsuccessful simulator resolves: 29
failed_samples: 0
planning_time: 240.458
solutions: 2
successful_samples: 1056
total_samples: 1056
total_states: 1122
Extracted policy size: 261
P(goal reached): 0.98
Policy simulation successful resolves: 95652
Policy simulation unsuccessful resolves: 16
Policy success: 1
Successful simulator resolves: 4.07437e+06
Unsuccessful simulator resolves: 322
failed_samples: 0
planning_time: 240.152
solutions: 8
successful_samples: 1092
total_samples: 1092
total_states: 1259
Extracted policy size: 54
P(goal reached): 0.8036
Policy simulation successful resolves: 174095
Policy simulation unsuccessful resolves: 25
Policy success: 1
Successful simulator resolves: 3.86478e+06
Unsuccessful simulator resolves: 15
failed_samples: 0
planning_time: 240.054
solutions: 1
successful_samples: 854
total_samples: 854
total_states: 1112
Extracted policy size: 40
P(goal reached): 0.588
Policy simulation successful resolves: 179112
Policy simulation unsuccessful resolves: 30600
Policy success: 0.99
Successful simulator resolves: 3.90957e+06
Unsuccessful simulator resolves: 33
failed_samples: 0
planning_time: 240.356
solutions: 1
successful_samples: 996
total_samples: 996
total_states: 1117
Extracted policy size: 119
P(goal reached): 0.94
Policy simulation successful resolves: 362833
Policy simulation unsuccessful resolves: 114524
Policy success: 0.95
Successful simulator resolves: 3.58364e+06
Unsuccessful simulator resolves: 366
failed_samples: 0
planning_time: 240.131
solutions: 4
successful_samples: 939
total_samples: 939
total_states: 1028
