Extracted policy size: 39
P(goal reached): 0.78
Policy simulation successful resolves: 100212
Policy simulation unsuccessful resolves: 24
Policy success: 1
Successful simulator resolves: 1.21632e+07
Unsuccessful simulator resolves: 35
failed_samples: 0
planning_time: 240.014
solutions: 1
successful_samples: 3307
total_samples: 3307
total_states: 3440
Extracted policy size: 467
P(goal reached): 0.96
Policy simulation successful resolves: 112806
Policy simulation unsuccessful resolves: 15
Policy success: 1
Successful simulator resolves: 1.1921e+07
Unsuccessful simulator resolves: 314
failed_samples: 0
planning_time: 240.05
solutions: 13
successful_samples: 3176
total_samples: 3176
total_states: 3459
Extracted policy size: 321
P(goal reached): 1
Policy simulation successful resolves: 3.28408e+06
Policy simulation unsuccessful resolves: 0
Policy success: 0
Successful simulator resolves: 1.2063e+07
Unsuccessful simulator resolves: 332
failed_samples: 0
planning_time: 240.034
solutions: 8
successful_samples: 3245
total_samples: 3245
total_states: 3466
Extracted policy size: 95
P(goal reached): 0.92
Policy simulation successful resolves: 172775
Policy simulation unsuccessful resolves: 61412
Policy success: 0.98
Successful simulator resolves: 1.18902e+07
Unsuccessful simulator resolves: 257
failed_samples: 0
planning_time: 240.06
solutions: 4
successful_samples: 3078
total_samples: 3078
total_states: 3430
Extracted policy size: 698
P(goal reached): 1
Policy simulation successful resolves: 3.27763e+06
Policy simulation unsuccessful resolves: 0
Policy success: 0
Successful simulator resolves: 1.2242e+07
Unsuccessful simulator resolves: 213
failed_samples: 0
planning_time: 240.012
solutions: 11
successful_samples: 3334
total_samples: 3334
total_states: 3550
