Extracted policy size: 52
P(goal reached): 0.92
Policy simulation successful resolves: 139067
Policy simulation unsuccessful resolves: 30609
Policy success: 0.99
Successful simulator resolves: 9.8786e+06
Unsuccessful simulator resolves: 926
failed_samples: 0
planning_time: 240.011
solutions: 3
successful_samples: 5282
total_samples: 5282
total_states: 5676
Extracted policy size: 302
P(goal reached): 1
Policy simulation successful resolves: 3.27556e+06
Policy simulation unsuccessful resolves: 0
Policy success: 0
Successful simulator resolves: 1.09664e+07
Unsuccessful simulator resolves: 391
failed_samples: 0
planning_time: 240.158
solutions: 13
successful_samples: 6275
total_samples: 6275
total_states: 6488
Extracted policy size: 21
P(goal reached): 0.884736
Policy simulation successful resolves: 99706
Policy simulation unsuccessful resolves: 29
Policy success: 1
Successful simulator resolves: 1.0697e+07
Unsuccessful simulator resolves: 15
failed_samples: 0
planning_time: 240.063
solutions: 1
successful_samples: 5744
total_samples: 5744
total_states: 6199
Extracted policy size: 73
P(goal reached): 0.8832
Policy simulation successful resolves: 121497
Policy simulation unsuccessful resolves: 30
Policy success: 1
Successful simulator resolves: 1.03474e+07
Unsuccessful simulator resolves: 26
failed_samples: 0
planning_time: 240.015
solutions: 2
successful_samples: 5439
total_samples: 5439
total_states: 5948
Extracted policy size: 137
P(goal reached): 0.96
Policy simulation successful resolves: 160007
Policy simulation unsuccessful resolves: 8
Policy success: 1
Successful simulator resolves: 1.08199e+07
Unsuccessful simulator resolves: 68
failed_samples: 0
planning_time: 240.006
solutions: 7
successful_samples: 5945
total_samples: 5945
total_states: 6187
