Extracted policy size: 204
P(goal reached): 0.92
Policy simulation successful resolves: 140875
Policy simulation unsuccessful resolves: 30709
Policy success: 0.99
Successful simulator resolves: 3.64881e+06
Unsuccessful simulator resolves: 676
failed_samples: 0
planning_time: 240.402
solutions: 7
successful_samples: 484
total_samples: 484
total_states: 591
Extracted policy size: 52
P(goal reached): 0.87
Policy simulation successful resolves: 131160
Policy simulation unsuccessful resolves: 34
Policy success: 1
Successful simulator resolves: 4.06874e+06
Unsuccessful simulator resolves: 106
failed_samples: 0
planning_time: 240.283
solutions: 2
successful_samples: 452
total_samples: 452
total_states: 592
Extracted policy size: 67
P(goal reached): 0.835621
Policy simulation successful resolves: 156810
Policy simulation unsuccessful resolves: 965
Policy success: 1
Successful simulator resolves: 2.79801e+06
Unsuccessful simulator resolves: 856
failed_samples: 0
planning_time: 240.763
solutions: 1
successful_samples: 159
total_samples: 159
total_states: 384
Extracted policy size: 143
P(goal reached): 0.94
Policy simulation successful resolves: 232297
Policy simulation unsuccessful resolves: 61629
Policy success: 0.98
Successful simulator resolves: 3.29409e+06
Unsuccessful simulator resolves: 609
failed_samples: 0
planning_time: 240.393
solutions: 7
successful_samples: 357
total_samples: 357
total_states: 486
Extracted policy size: 55
P(goal reached): 0.8712
Policy simulation successful resolves: 145187
Policy simulation unsuccessful resolves: 36
Policy success: 1
Successful simulator resolves: 4.29656e+06
Unsuccessful simulator resolves: 104
failed_samples: 0
planning_time: 240.656
solutions: 2
successful_samples: 503
total_samples: 503
total_states: 663
