Extracted policy size: 105
P(goal reached): 0.922338
Policy simulation successful resolves: 190482
Policy simulation unsuccessful resolves: 452
Policy success: 1
Successful simulator resolves: 3.30286e+06
Unsuccessful simulator resolves: 640
failed_samples: 0
planning_time: 240.1
solutions: 14
successful_samples: 831
total_samples: 831
total_states: 958
Extracted policy size: 17
P(goal reached): 0.882
Policy simulation successful resolves: 263614
Policy simulation unsuccessful resolves: 123646
Policy success: 0.96
Successful simulator resolves: 3.95287e+06
Unsuccessful simulator resolves: 119
failed_samples: 0
planning_time: 240.107
solutions: 1
successful_samples: 964
total_samples: 964
total_states: 1143
Extracted policy size: 96
P(goal reached): 0.923077
Policy simulation successful resolves: 1.23828e+07
Policy simulation unsuccessful resolves: 848799
Policy success: 0.06
Successful simulator resolves: 2.95371e+06
Unsuccessful simulator resolves: 349
failed_samples: 0
planning_time: 240.596
solutions: 19
successful_samples: 647
total_samples: 647
total_states: 860
Extracted policy size: 95
P(goal reached): 0.9604
Policy simulation successful resolves: 167974
Policy simulation unsuccessful resolves: 62628
Policy success: 0.98
Successful simulator resolves: 3.98957e+06
Unsuccessful simulator resolves: 181
failed_samples: 0
planning_time: 240.006
solutions: 7
successful_samples: 956
total_samples: 956
total_states: 1132
Extracted policy size: 53
P(goal reached): 0.82
Policy simulation successful resolves: 118767
Policy simulation unsuccessful resolves: 29
Policy success: 1
Successful simulator resolves: 3.55001e+06
Unsuccessful simulator resolves: 179
failed_samples: 0
planning_time: 240.025
solutions: 3
successful_samples: 866
total_samples: 866
total_states: 1008
