Extracted policy size: 36
P(goal reached): 0.829698
Policy simulation successful resolves: 361850
Policy simulation unsuccessful resolves: 186482
Policy success: 0.94
Successful simulator resolves: 4.02209e+06
Unsuccessful simulator resolves: 13
failed_samples: 0
planning_time: 240.041
solutions: 2
successful_samples: 1104
total_samples: 1104
total_states: 1153
Extracted policy size: 90
P(goal reached): 0.92
Policy simulation successful resolves: 220472
Policy simulation unsuccessful resolves: 61573
Policy success: 0.98
Successful simulator resolves: 2.95752e+06
Unsuccessful simulator resolves: 1354
failed_samples: 0
planning_time: 240.277
solutions: 3
successful_samples: 668
total_samples: 668
total_states: 887
Extracted policy size: 78
P(goal reached): 0.908213
Policy simulation successful resolves: 114714
Policy simulation unsuccessful resolves: 22
Policy success: 1
Successful simulator resolves: 3.98781e+06
Unsuccessful simulator resolves: 84
failed_samples: 0
planning_time: 240.005
solutions: 5
successful_samples: 1035
total_samples: 1035
total_states: 1183
Extracted policy size: 95
P(goal reached): 0.84
Policy simulation successful resolves: 129070
Policy simulation unsuccessful resolves: 46
Policy success: 1
Successful simulator resolves: 3.98461e+06
Unsuccessful simulator resolves: 49
failed_samples: 0
planning_time: 240.193
solutions: 2
successful_samples: 1076
total_samples: 1076
total_states: 1172
Extracted policy size: 46
P(goal reached): 0.9408
Policy simulation successful resolves: 106682
Policy simulation unsuccessful resolves: 135
Policy success: 1
Successful simulator resolves: 2.91135e+06
Unsuccessful simulator resolves: 1246
failed_samples: 0
planning_time: 240.297
solutions: 1
successful_samples: 628
total_samples: 628
total_states: 853
