Extracted policy size: 75
P(goal reached): 0.7296
Policy simulation successful resolves: 100883
Policy simulation unsuccessful resolves: 26
Policy success: 1
Successful simulator resolves: 1.04652e+07
Unsuccessful simulator resolves: 23
failed_samples: 0
planning_time: 240.007
solutions: 2
successful_samples: 6016
total_samples: 6016
total_states: 6108
Extracted policy size: 83
P(goal reached): 0.8832
Policy simulation successful resolves: 365272
Policy simulation unsuccessful resolves: 185306
Policy success: 0.94
Successful simulator resolves: 1.03827e+07
Unsuccessful simulator resolves: 128
failed_samples: 0
planning_time: 240.047
solutions: 2
successful_samples: 5827
total_samples: 5827
total_states: 6012
Extracted policy size: 843
P(goal reached): 0.963149
Policy simulation successful resolves: 1.49888e+06
Policy simulation unsuccessful resolves: 1436
Policy success: 0
Successful simulator resolves: 1.07656e+07
Unsuccessful simulator resolves: 297
failed_samples: 0
planning_time: 240.009
solutions: 10
successful_samples: 5983
total_samples: 5983
total_states: 6204
Extracted policy size: 450
P(goal reached): 0.84
Policy simulation successful resolves: 569362
Policy simulation unsuccessful resolves: 307543
Policy success: 0.9
Successful simulator resolves: 1.06572e+07
Unsuccessful simulator resolves: 23
failed_samples: 0
planning_time: 240.002
solutions: 3
successful_samples: 5727
total_samples: 5727
total_states: 6112
Extracted policy size: 29
P(goal reached): 0.88
Policy simulation successful resolves: 217643
Policy simulation unsuccessful resolves: 92879
Policy success: 0.97
Successful simulator resolves: 1.01765e+07
Unsuccessful simulator resolves: 3
failed_samples: 0
planning_time: 240.027
solutions: 1
successful_samples: 5418
total_samples: 5418
total_states: 5842
