Extracted policy size: 107
P(goal reached): 0.92
Policy simulation successful resolves: 245156
Policy simulation unsuccessful resolves: 92245
Policy success: 0.97
Successful simulator resolves: 1.04398e+07
Unsuccessful simulator resolves: 24
failed_samples: 0
planning_time: 240.082
solutions: 3
successful_samples: 5636
total_samples: 5636
total_states: 6054
Extracted policy size: 67
P(goal reached): 0.84
Policy simulation successful resolves: 150988
Policy simulation unsuccessful resolves: 51
Policy success: 1
Successful simulator resolves: 1.03828e+07
Unsuccessful simulator resolves: 28
failed_samples: 0
planning_time: 240.015
solutions: 2
successful_samples: 5616
total_samples: 5616
total_states: 5887
Extracted policy size: 112
P(goal reached): 0.84
Policy simulation successful resolves: 179246
Policy simulation unsuccessful resolves: 451
Policy success: 1
Successful simulator resolves: 1.03418e+07
Unsuccessful simulator resolves: 69
failed_samples: 0
planning_time: 240.005
solutions: 3
successful_samples: 5646
total_samples: 5646
total_states: 5956
Extracted policy size: 237
P(goal reached): 0.9216
Policy simulation successful resolves: 563816
Policy simulation unsuccessful resolves: 293882
Policy success: 0.91
Successful simulator resolves: 1.03381e+07
Unsuccessful simulator resolves: 99
failed_samples: 0
planning_time: 240.071
solutions: 8
successful_samples: 5721
total_samples: 5721
total_states: 5945
Extracted policy size: 310
P(goal reached): 0.96
Policy simulation successful resolves: 1.4565e+06
Policy simulation unsuccessful resolves: 1716
Policy success: 0
Successful simulator resolves: 1.03324e+07
Unsuccessful simulator resolves: 461
failed_samples: 0
planning_time: 240.109
solutions: 4
successful_samples: 5765
total_samples: 5765
total_states: 5984
