Extracted policy size: 226
P(goal reached): 0.96
Policy simulation successful resolves: 113240
Policy simulation unsuccessful resolves: 34
Policy success: 1
Successful simulator resolves: 3.73216e+06
Unsuccessful simulator resolves: 34
failed_samples: 0
planning_time: 240.217
solutions: 6
successful_samples: 2019
total_samples: 2019
total_states: 2200
Extracted policy size: 471
P(goal reached): 1
Policy simulation successful resolves: 3.27564e+06
Policy simulation unsuccessful resolves: 0
Policy success: 0
Successful simulator resolves: 3.95133e+06
Unsuccessful simulator resolves: 152
failed_samples: 0
planning_time: 240.188
solutions: 11
successful_samples: 2227
total_samples: 2227
total_states: 2380
Extracted policy size: 105
P(goal reached): 0.8448
Policy simulation successful resolves: 311931
Policy simulation unsuccessful resolves: 122175
Policy success: 0.96
Successful simulator resolves: 4.00734e+06
Unsuccessful simulator resolves: 34
failed_samples: 0
planning_time: 240.192
solutions: 2
successful_samples: 2078
total_samples: 2078
total_states: 2313
Extracted policy size: 110
P(goal reached): 0.84
Policy simulation successful resolves: 120048
Policy simulation unsuccessful resolves: 27
Policy success: 1
Successful simulator resolves: 3.79897e+06
Unsuccessful simulator resolves: 93
failed_samples: 0
planning_time: 240.044
solutions: 3
successful_samples: 2007
total_samples: 2007
total_states: 2192
Extracted policy size: 240
P(goal reached): 0.88
Policy simulation successful resolves: 165888
Policy simulation unsuccessful resolves: 30570
Policy success: 0.99
Successful simulator resolves: 3.67094e+06
Unsuccessful simulator resolves: 26
failed_samples: 0
planning_time: 240.003
solutions: 3
successful_samples: 2043
total_samples: 2043
total_states: 2150
