Extracted policy size: 634
P(goal reached): 0.96
Policy simulation successful resolves: 112674
Policy simulation unsuccessful resolves: 22
Policy success: 1
Successful simulator resolves: 1.22538e+07
Unsuccessful simulator resolves: 912
failed_samples: 0
planning_time: 240.088
solutions: 15
successful_samples: 3434
total_samples: 3434
total_states: 3643
Extracted policy size: 75
P(goal reached): 0.882
Policy simulation successful resolves: 85971
Policy simulation unsuccessful resolves: 38
Policy success: 1
Successful simulator resolves: 1.17458e+07
Unsuccessful simulator resolves: 118
failed_samples: 0
planning_time: 240.111
solutions: 2
successful_samples: 3223
total_samples: 3223
total_states: 3364
Extracted policy size: 69
P(goal reached): 0.92
Policy simulation successful resolves: 123023
Policy simulation unsuccessful resolves: 22
Policy success: 1
Successful simulator resolves: 1.14869e+07
Unsuccessful simulator resolves: 34
failed_samples: 0
planning_time: 240.058
solutions: 2
successful_samples: 2806
total_samples: 2806
total_states: 3222
Extracted policy size: 37
P(goal reached): 0.921984
Policy simulation successful resolves: 556276
Policy simulation unsuccessful resolves: 308378
Policy success: 0.9
Successful simulator resolves: 1.17371e+07
Unsuccessful simulator resolves: 5
failed_samples: 0
planning_time: 240.072
solutions: 2
successful_samples: 3086
total_samples: 3086
total_states: 3353
Extracted policy size: 81
P(goal reached): 0.88
Policy simulation successful resolves: 162848
Policy simulation unsuccessful resolves: 30571
Policy success: 0.99
Successful simulator resolves: 1.21384e+07
Unsuccessful simulator resolves: 101
failed_samples: 0
planning_time: 240.074
solutions: 3
successful_samples: 3258
total_samples: 3258
total_states: 3500
