Extracted policy size: 291
P(goal reached): 0.64
Policy simulation successful resolves: 192144
Policy simulation unsuccessful resolves: 46038
Policy success: 0.99
Successful simulator resolves: 1.15323e+07
Unsuccessful simulator resolves: 15
failed_samples: 0
planning_time: 240.033
solutions: 1
successful_samples: 1168
total_samples: 1168
total_states: 3298
Extracted policy size: 56
P(goal reached): 0.98
Policy simulation successful resolves: 151803
Policy simulation unsuccessful resolves: 23
Policy success: 1
Successful simulator resolves: 1.19264e+07
Unsuccessful simulator resolves: 28
failed_samples: 0
planning_time: 240.018
solutions: 2
successful_samples: 3034
total_samples: 3034
total_states: 3396
Extracted policy size: 48
P(goal reached): 0.88
Policy simulation successful resolves: 156535
Policy simulation unsuccessful resolves: 41
Policy success: 1
Successful simulator resolves: 1.10321e+07
Unsuccessful simulator resolves: 586
failed_samples: 0
planning_time: 240.048
solutions: 1
successful_samples: 2876
total_samples: 2876
total_states: 3111
Extracted policy size: 148
P(goal reached): 0.92
Policy simulation successful resolves: 144524
Policy simulation unsuccessful resolves: 75
Policy success: 1
Successful simulator resolves: 1.1831e+07
Unsuccessful simulator resolves: 224
failed_samples: 0
planning_time: 240.049
solutions: 4
successful_samples: 3314
total_samples: 3314
total_states: 3415
Extracted policy size: 36
P(goal reached): 0.8832
Policy simulation successful resolves: 266313
Policy simulation unsuccessful resolves: 124667
Policy success: 0.96
Successful simulator resolves: 1.20798e+07
Unsuccessful simulator resolves: 5
failed_samples: 0
planning_time: 240.032
solutions: 2
successful_samples: 3106
total_samples: 3106
total_states: 3402
