Extracted policy size: 50
P(goal reached): 0.88
Policy simulation successful resolves: 288926
Policy simulation unsuccessful resolves: 123705
Policy success: 0.96
Successful simulator resolves: 3.98579e+06
Unsuccessful simulator resolves: 25
failed_samples: 0
planning_time: 240.048
solutions: 2
successful_samples: 2216
total_samples: 2216
total_states: 2296
Extracted policy size: 54
P(goal reached): 1
Policy simulation successful resolves: 3.27749e+06
Policy simulation unsuccessful resolves: 0
Policy success: 0
Successful simulator resolves: 3.81745e+06
Unsuccessful simulator resolves: 25
failed_samples: 0
planning_time: 240.183
solutions: 2
successful_samples: 1976
total_samples: 1976
total_states: 2157
Extracted policy size: 255
P(goal reached): 0.96
Policy simulation successful resolves: 373431
Policy simulation unsuccessful resolves: 153977
Policy success: 0.95
Successful simulator resolves: 3.8858e+06
Unsuccessful simulator resolves: 342
failed_samples: 0
planning_time: 240.008
solutions: 10
successful_samples: 2251
total_samples: 2251
total_states: 2324
Extracted policy size: 141
P(goal reached): 1
Policy simulation successful resolves: 3.27946e+06
Policy simulation unsuccessful resolves: 0
Policy success: 0
Successful simulator resolves: 4.06044e+06
Unsuccessful simulator resolves: 139
failed_samples: 0
planning_time: 240.217
solutions: 5
successful_samples: 2227
total_samples: 2227
total_states: 2386
Extracted policy size: 31
P(goal reached): 0.72
Policy simulation successful resolves: 153276
Policy simulation unsuccessful resolves: 12
Policy success: 1
Successful simulator resolves: 3.75478e+06
Unsuccessful simulator resolves: 10
failed_samples: 0
planning_time: 240.119
solutions: 1
successful_samples: 1897
total_samples: 1897
total_states: 2125
