Extracted policy size: 82
P(goal reached): 0.8832
Policy simulation successful resolves: 133383
Policy simulation unsuccessful resolves: 12
Policy success: 1
Successful simulator resolves: 3.88941e+06
Unsuccessful simulator resolves: 39
failed_samples: 0
planning_time: 240.151
solutions: 4
successful_samples: 2086
total_samples: 2086
total_states: 2202
Extracted policy size: 0
P(goal reached): 0
Policy simulation successful resolves: 0
Policy simulation unsuccessful resolves: 0
Policy success: 0
Successful simulator resolves: 3.62096e+06
Unsuccessful simulator resolves: 0
failed_samples: 0
planning_time: 240.624
solutions: 0
successful_samples: 614
total_samples: 614
total_states: 2036
Extracted policy size: 49
P(goal reached): 1
Policy simulation successful resolves: 3.27182e+06
Policy simulation unsuccessful resolves: 0
Policy success: 0
Successful simulator resolves: 4.07943e+06
Unsuccessful simulator resolves: 27
failed_samples: 0
planning_time: 240.344
solutions: 2
successful_samples: 2303
total_samples: 2303
total_states: 2412
Extracted policy size: 107
P(goal reached): 0.96
Policy simulation successful resolves: 209293
Policy simulation unsuccessful resolves: 60934
Policy success: 0.98
Successful simulator resolves: 3.90788e+06
Unsuccessful simulator resolves: 40
failed_samples: 0
planning_time: 240.325
solutions: 5
successful_samples: 2084
total_samples: 2084
total_states: 2298
Extracted policy size: 122
P(goal reached): 0.96
Policy simulation successful resolves: 125748
Policy simulation unsuccessful resolves: 336
Policy success: 1
Successful simulator resolves: 3.78486e+06
Unsuccessful simulator resolves: 108
failed_samples: 0
planning_time: 240.002
solutions: 6
successful_samples: 1961
total_samples: 1961
total_states: 2174
