Extracted policy size: 80
P(goal reached): 0.94
Policy simulation successful resolves: 152977
Policy simulation unsuccessful resolves: 30683
Policy success: 0.99
Successful simulator resolves: 1.15851e+07
Unsuccessful simulator resolves: 46
failed_samples: 0
planning_time: 240.02
solutions: 3
successful_samples: 2977
total_samples: 2977
total_states: 3335
Extracted policy size: 46
P(goal reached): 0.5292
Policy simulation successful resolves: 120390
Policy simulation unsuccessful resolves: 16
Policy success: 1
Successful simulator resolves: 1.14388e+07
Unsuccessful simulator resolves: 66
failed_samples: 0
planning_time: 240.128
solutions: 1
successful_samples: 2996
total_samples: 2996
total_states: 3285
Extracted policy size: 497
P(goal reached): 0.98
Policy simulation successful resolves: 121506
Policy simulation unsuccessful resolves: 163
Policy success: 1
Successful simulator resolves: 1.20118e+07
Unsuccessful simulator resolves: 573
failed_samples: 0
planning_time: 240.154
solutions: 11
successful_samples: 3161
total_samples: 3161
total_states: 3526
Extracted policy size: 491
P(goal reached): 0.92
Policy simulation successful resolves: 192518
Policy simulation unsuccessful resolves: 62461
Policy success: 0.98
Successful simulator resolves: 1.12635e+07
Unsuccessful simulator resolves: 1339
failed_samples: 0
planning_time: 240.021
solutions: 21
successful_samples: 2998
total_samples: 2998
total_states: 3303
Extracted policy size: 563
P(goal reached): 0.86
Policy simulation successful resolves: 106804
Policy simulation unsuccessful resolves: 23
Policy success: 1
Successful simulator resolves: 1.2521e+07
Unsuccessful simulator resolves: 79
failed_samples: 0
planning_time: 240.069
solutions: 6
successful_samples: 3285
total_samples: 3285
total_states: 3625
