Extracted policy size: 55
P(goal reached): 0.84
Policy simulation successful resolves: 166684
Policy simulation unsuccessful resolves: 30317
Policy success: 0.99
Successful simulator resolves: 3.34523e+06
Unsuccessful simulator resolves: 572
failed_samples: 0
planning_time: 240.023
solutions: 2
successful_samples: 298
total_samples: 298
total_states: 492
Extracted policy size: 0
P(goal reached): 0
Policy simulation successful resolves: 0
Policy simulation unsuccessful resolves: 0
Policy success: 0
Successful simulator resolves: 4.0806e+06
Unsuccessful simulator resolves: 0
failed_samples: 0
planning_time: 240.926
solutions: 0
successful_samples: 162
total_samples: 162
total_states: 588
Extracted policy size: 0
P(goal reached): 0
Policy simulation successful resolves: 0
Policy simulation unsuccessful resolves: 0
Policy success: 0
Successful simulator resolves: 1.9725e+06
Unsuccessful simulator resolves: 2765
failed_samples: 0
planning_time: 272.387
solutions: 0
successful_samples: 58
total_samples: 58
total_states: 258
Extracted policy size: 17
P(goal reached): 0.829925
Policy simulation successful resolves: 216921
Policy simulation unsuccessful resolves: 92862
Policy success: 0.97
Successful simulator resolves: 3.52426e+06
Unsuccessful simulator resolves: 269
failed_samples: 0
planning_time: 242.751
solutions: 1
successful_samples: 129
total_samples: 129
total_states: 468
Extracted policy size: 58
P(goal reached): 0.921294
Policy simulation successful resolves: 289701
Policy simulation unsuccessful resolves: 123456
Policy success: 0.96
Successful simulator resolves: 3.75093e+06
Unsuccessful simulator resolves: 509
failed_samples: 0
planning_time: 240.652
solutions: 7
successful_samples: 449
total_samples: 449
total_states: 558
