Extracted policy size: 74
P(goal reached): 0.9
Policy simulation successful resolves: 586172
Policy simulation unsuccessful resolves: 277133
Policy success: 0.91
Successful simulator resolves: 1.06915e+07
Unsuccessful simulator resolves: 199
failed_samples: 0
planning_time: 240.777
solutions: 4
successful_samples: 550
total_samples: 550
total_states: 1421
Extracted policy size: 228
P(goal reached): 0.9504
Policy simulation successful resolves: 119767
Policy simulation unsuccessful resolves: 15
Policy success: 1
Successful simulator resolves: 1.24636e+07
Unsuccessful simulator resolves: 1426
failed_samples: 0
planning_time: 240.062
solutions: 14
successful_samples: 1660
total_samples: 1660
total_states: 1832
Extracted policy size: 60
P(goal reached): 0.94
Policy simulation successful resolves: 265231
Policy simulation unsuccessful resolves: 123699
Policy success: 0.96
Successful simulator resolves: 1.31881e+07
Unsuccessful simulator resolves: 22
failed_samples: 0
planning_time: 240.233
solutions: 2
successful_samples: 1423
total_samples: 1423
total_states: 1876
Extracted policy size: 426
P(goal reached): 0.97
Policy simulation successful resolves: 733425
Policy simulation unsuccessful resolves: 61572
Policy success: 0.98
Successful simulator resolves: 1.27448e+07
Unsuccessful simulator resolves: 610
failed_samples: 0
planning_time: 240.057
solutions: 10
successful_samples: 1600
total_samples: 1600
total_states: 1873
Extracted policy size: 149
P(goal reached): 0.9
Policy simulation successful resolves: 195014
Policy simulation unsuccessful resolves: 61970
Policy success: 0.98
Successful simulator resolves: 1.19e+07
Unsuccessful simulator resolves: 1338
failed_samples: 0
planning_time: 240.035
solutions: 4
successful_samples: 1601
total_samples: 1601
total_states: 1742
