Extracted policy size: 32
P(goal reached): 0.8811
Policy simulation successful resolves: 132655
Policy simulation unsuccessful resolves: 399
Policy success: 1
Successful simulator resolves: 1.2846e+07
Unsuccessful simulator resolves: 371
failed_samples: 0
planning_time: 240.222
solutions: 3
successful_samples: 1583
total_samples: 1583
total_states: 1815
Extracted policy size: 55
P(goal reached): 0.93
Policy simulation successful resolves: 135295
Policy simulation unsuccessful resolves: 31046
Policy success: 0.99
Successful simulator resolves: 1.31469e+07
Unsuccessful simulator resolves: 88
failed_samples: 0
planning_time: 240.122
solutions: 4
successful_samples: 1627
total_samples: 1627
total_states: 1886
Extracted policy size: 19
P(goal reached): 0.8811
Policy simulation successful resolves: 312786
Policy simulation unsuccessful resolves: 154672
Policy success: 0.95
Successful simulator resolves: 1.27106e+07
Unsuccessful simulator resolves: 128
failed_samples: 0
planning_time: 240.156
solutions: 2
successful_samples: 1637
total_samples: 1637
total_states: 1798
Extracted policy size: 64
P(goal reached): 0.85
Policy simulation successful resolves: 146044
Policy simulation unsuccessful resolves: 31
Policy success: 1
Successful simulator resolves: 1.25098e+07
Unsuccessful simulator resolves: 169
failed_samples: 0
planning_time: 240.219
solutions: 3
successful_samples: 1553
total_samples: 1553
total_states: 1777
Extracted policy size: 32
P(goal reached): 0.8415
Policy simulation successful resolves: 216776
Policy simulation unsuccessful resolves: 61658
Policy success: 0.98
Successful simulator resolves: 1.25612e+07
Unsuccessful simulator resolves: 172
failed_samples: 0
planning_time: 240.009
solutions: 4
successful_samples: 1413
total_samples: 1413
total_states: 1777
