Extracted policy size: 428
P(goal reached): 0.88
Policy simulation successful resolves: 132848
Policy simulation unsuccessful resolves: 30671
Policy success: 0.99
Successful simulator resolves: 3.61879e+06
Unsuccessful simulator resolves: 61
failed_samples: 0
planning_time: 240.1
solutions: 5
successful_samples: 1953
total_samples: 1953
total_states: 2120
Extracted policy size: 330
P(goal reached): 1
Policy simulation successful resolves: 3.28559e+06
Policy simulation unsuccessful resolves: 0
Policy success: 0
Successful simulator resolves: 3.93019e+06
Unsuccessful simulator resolves: 160
failed_samples: 0
planning_time: 240.11
solutions: 7
successful_samples: 2170
total_samples: 2170
total_states: 2374
Extracted policy size: 209
P(goal reached): 0.96
Policy simulation successful resolves: 12125
Policy simulation unsuccessful resolves: 13
Policy success: 1
Successful simulator resolves: 3.79412e+06
Unsuccessful simulator resolves: 170
failed_samples: 0
planning_time: 240.105
solutions: 7
successful_samples: 2245
total_samples: 2245
total_states: 2273
Extracted policy size: 56
P(goal reached): 0.88
Policy simulation successful resolves: 1.5016e+06
Policy simulation unsuccessful resolves: 10
Policy success: 0.57
Successful simulator resolves: 3.81527e+06
Unsuccessful simulator resolves: 88
failed_samples: 0
planning_time: 240.014
solutions: 2
successful_samples: 1935
total_samples: 1935
total_states: 2195
Extracted policy size: 255
P(goal reached): 0.96
Policy simulation successful resolves: 132429
Policy simulation unsuccessful resolves: 25
Policy success: 1
Successful simulator resolves: 3.76271e+06
Unsuccessful simulator resolves: 262
failed_samples: 0
planning_time: 240.102
solutions: 7
successful_samples: 2037
total_samples: 2037
total_states: 2211
