Extracted policy size: 33
P(goal reached): 0.84
Policy simulation successful resolves: 145173
Policy simulation unsuccessful resolves: 40
Policy success: 1
Successful simulator resolves: 3.85069e+06
Unsuccessful simulator resolves: 46
failed_samples: 0
planning_time: 240.633
solutions: 2
successful_samples: 895
total_samples: 895
total_states: 1157
Extracted policy size: 52
P(goal reached): 0.94
Policy simulation successful resolves: 113209
Policy simulation unsuccessful resolves: 24
Policy success: 1
Successful simulator resolves: 3.62415e+06
Unsuccessful simulator resolves: 149
failed_samples: 0
planning_time: 240.166
solutions: 2
successful_samples: 959
total_samples: 959
total_states: 1077
Extracted policy size: 55
P(goal reached): 0.94
Policy simulation successful resolves: 168768
Policy simulation unsuccessful resolves: 31092
Policy success: 0.99
Successful simulator resolves: 3.44298e+06
Unsuccessful simulator resolves: 553
failed_samples: 0
planning_time: 240.008
solutions: 3
successful_samples: 817
total_samples: 817
total_states: 1040
Extracted policy size: 57
P(goal reached): 0.9
Policy simulation successful resolves: 115695
Policy simulation unsuccessful resolves: 56
Policy success: 1
Successful simulator resolves: 3.99038e+06
Unsuccessful simulator resolves: 52
failed_samples: 0
planning_time: 240.037
solutions: 2
successful_samples: 996
total_samples: 996
total_states: 1174
Extracted policy size: 90
P(goal reached): 0.9
Policy simulation successful resolves: 120628
Policy simulation unsuccessful resolves: 43
Policy success: 1
Successful simulator resolves: 3.46302e+06
Unsuccessful simulator resolves: 926
failed_samples: 0
planning_time: 240.206
solutions: 5
successful_samples: 866
total_samples: 866
total_states: 1010
