Extracted policy size: 126
P(goal reached): 0.891
Policy simulation successful resolves: 112726
Policy simulation unsuccessful resolves: 29
Policy success: 1
Successful simulator resolves: 1.28066e+07
Unsuccessful simulator resolves: 159
failed_samples: 0
planning_time: 240.195
solutions: 5
successful_samples: 1595
total_samples: 1595
total_states: 1875
Extracted policy size: 145
P(goal reached): 0.947814
Policy simulation successful resolves: 129725
Policy simulation unsuccessful resolves: 30609
Policy success: 0.99
Successful simulator resolves: 1.2456e+07
Unsuccessful simulator resolves: 1300
failed_samples: 0
planning_time: 240.128
solutions: 6
successful_samples: 1646
total_samples: 1646
total_states: 1787
Extracted policy size: 62
P(goal reached): 0.97
Policy simulation successful resolves: 94744
Policy simulation unsuccessful resolves: 35
Policy success: 1
Successful simulator resolves: 1.223e+07
Unsuccessful simulator resolves: 1416
failed_samples: 0
planning_time: 240.321
solutions: 6
successful_samples: 1642
total_samples: 1642
total_states: 1782
Extracted policy size: 111
P(goal reached): 0.9603
Policy simulation successful resolves: 221629
Policy simulation unsuccessful resolves: 30304
Policy success: 0.99
Successful simulator resolves: 1.30823e+07
Unsuccessful simulator resolves: 63
failed_samples: 0
planning_time: 240.026
solutions: 2
successful_samples: 1214
total_samples: 1214
total_states: 1875
Extracted policy size: 285
P(goal reached): 0.96
Policy simulation successful resolves: 123176
Policy simulation unsuccessful resolves: 14
Policy success: 1
Successful simulator resolves: 1.32051e+07
Unsuccessful simulator resolves: 180
failed_samples: 0
planning_time: 240.186
solutions: 4
successful_samples: 1040
total_samples: 1040
total_states: 1992
