Extracted policy size: 126
P(goal reached): 0.928863
Policy simulation successful resolves: 121917
Policy simulation unsuccessful resolves: 31521
Policy success: 0.99
Successful simulator resolves: 3.56804e+06
Unsuccessful simulator resolves: 831
failed_samples: 0
planning_time: 240.6
solutions: 5
successful_samples: 455
total_samples: 455
total_states: 533
Extracted policy size: 41
P(goal reached): 0.9108
Policy simulation successful resolves: 372807
Policy simulation unsuccessful resolves: 154242
Policy success: 0.95
Successful simulator resolves: 4.17908e+06
Unsuccessful simulator resolves: 11
failed_samples: 0
planning_time: 240.539
solutions: 2
successful_samples: 497
total_samples: 497
total_states: 635
Extracted policy size: 105
P(goal reached): 0.913226
Policy simulation successful resolves: 192599
Policy simulation unsuccessful resolves: 61690
Policy success: 0.98
Successful simulator resolves: 2.87751e+06
Unsuccessful simulator resolves: 809
failed_samples: 0
planning_time: 240.578
solutions: 7
successful_samples: 371
total_samples: 371
total_states: 426
Extracted policy size: 0
P(goal reached): 0
Policy simulation successful resolves: 0
Policy simulation unsuccessful resolves: 0
Policy success: 0
Successful simulator resolves: 3.70459e+06
Unsuccessful simulator resolves: 0
failed_samples: 0
planning_time: 244.401
solutions: 0
successful_samples: 135
total_samples: 135
total_states: 508
Extracted policy size: 136
P(goal reached): 0.95
Policy simulation successful resolves: 95445
Policy simulation unsuccessful resolves: 27
Policy success: 1
Successful simulator resolves: 3.57035e+06
Unsuccessful simulator resolves: 453
failed_samples: 0
planning_time: 245.348
solutions: 5
successful_samples: 429
total_samples: 429
total_states: 552
