Extracted policy size: 105
P(goal reached): 0.94
Policy simulation successful resolves: 104970
Policy simulation unsuccessful resolves: 12
Policy success: 1
Successful simulator resolves: 1.21921e+07
Unsuccessful simulator resolves: 124
failed_samples: 0
planning_time: 240.023
solutions: 5
successful_samples: 3316
total_samples: 3316
total_states: 3509
Extracted policy size: 169
P(goal reached): 0.96
Policy simulation successful resolves: 112205
Policy simulation unsuccessful resolves: 31
Policy success: 1
Successful simulator resolves: 1.15549e+07
Unsuccessful simulator resolves: 708
failed_samples: 0
planning_time: 240.011
solutions: 6
successful_samples: 3169
total_samples: 3169
total_states: 3368
Extracted policy size: 59
P(goal reached): 0.86
Policy simulation successful resolves: 1.03961e+06
Policy simulation unsuccessful resolves: 581580
Policy success: 0.81
Successful simulator resolves: 1.17633e+07
Unsuccessful simulator resolves: 256
failed_samples: 0
planning_time: 240.115
solutions: 2
successful_samples: 3016
total_samples: 3016
total_states: 3319
Extracted policy size: 24
P(goal reached): 0.9408
Policy simulation successful resolves: 151422
Policy simulation unsuccessful resolves: 30910
Policy success: 0.99
Successful simulator resolves: 1.19544e+07
Unsuccessful simulator resolves: 13
failed_samples: 0
planning_time: 240.055
solutions: 2
successful_samples: 3322
total_samples: 3322
total_states: 3458
Extracted policy size: 101
P(goal reached): 0.94
Policy simulation successful resolves: 120130
Policy simulation unsuccessful resolves: 56
Policy success: 1
Successful simulator resolves: 1.18065e+07
Unsuccessful simulator resolves: 425
failed_samples: 0
planning_time: 240.03
solutions: 7
successful_samples: 3094
total_samples: 3094
total_states: 3448
