Extracted policy size: 31
P(goal reached): 0.89
Policy simulation successful resolves: 145115
Policy simulation unsuccessful resolves: 0
Policy success: 1
Successful simulator resolves: 4.24725e+06
Unsuccessful simulator resolves: 118
failed_samples: 0
planning_time: 240.233
solutions: 2
successful_samples: 502
total_samples: 502
total_states: 644
Extracted policy size: 35
P(goal reached): 0.875363
Policy simulation successful resolves: 141923
Policy simulation unsuccessful resolves: 25
Policy success: 1
Successful simulator resolves: 2.6133e+06
Unsuccessful simulator resolves: 1167
failed_samples: 0
planning_time: 242.135
solutions: 3
successful_samples: 240
total_samples: 240
total_states: 344
Extracted policy size: 35
P(goal reached): 0.8316
Policy simulation successful resolves: 145002
Policy simulation unsuccessful resolves: 35
Policy success: 1
Successful simulator resolves: 4.39634e+06
Unsuccessful simulator resolves: 54
failed_samples: 0
planning_time: 240.787
solutions: 2
successful_samples: 483
total_samples: 483
total_states: 668
Extracted policy size: 0
P(goal reached): 0
Policy simulation successful resolves: 0
Policy simulation unsuccessful resolves: 0
Policy success: 0
Successful simulator resolves: 4.11884e+06
Unsuccessful simulator resolves: 0
failed_samples: 0
planning_time: 241.394
solutions: 0
successful_samples: 157
total_samples: 157
total_states: 574
Extracted policy size: 34
P(goal reached): 0.85
Policy simulation successful resolves: 138950
Policy simulation unsuccessful resolves: 25
Policy success: 1
Successful simulator resolves: 4.21521e+06
Unsuccessful simulator resolves: 88
failed_samples: 0
planning_time: 240.122
solutions: 2
successful_samples: 491
total_samples: 491
total_states: 603
